<?xml version="1.0" encoding="UTF-8"?>
<!-- Generated by org.testng.reporters.JUnitReportReporter -->
<testsuite hostname="DESKTOP-1SKAIPE" failures="0" tests="3" name="TestNG.Example5_keyword3_priority1" time="0.025" errors="0" timestamp="2022-11-06T19:14:05 IST" skipped="0">
  <testcase classname="TestNG.Example5_keyword3_priority1" name="TC2" time="0.014"/>
  <system-out>
    <![CDATA[Running TC2]]>
  </system-out>
  <testcase classname="TestNG.Example5_keyword3_priority1" name="TC3" time="0.006"/>
  <system-out>
    <![CDATA[Running TC3]]>
  </system-out>
  <testcase classname="TestNG.Example5_keyword3_priority1" name="TC1" time="0.005"/>
  <system-out>
    <![CDATA[Running TC1]]>
  </system-out>
</testsuite> <!-- TestNG.Example5_keyword3_priority1 -->
