<?xml version="1.0" encoding="UTF-8"?>
<!-- Generated by org.testng.reporters.JUnitReportReporter -->
<testsuite hostname="DESKTOP-1SKAIPE" failures="0" tests="1" name="TestNG.Example10_grouping2" time="0.002" errors="0" timestamp="2022-11-09T13:10:37 IST" skipped="0">
  <testcase classname="TestNG.Example10_grouping2" name="TC1" time="0.002"/>
  <system-out>
    <![CDATA[running test case1]]>
  </system-out>
</testsuite> <!-- TestNG.Example10_grouping2 -->
