<?xml version="1.0" encoding="UTF-8"?>
<!-- Generated by org.testng.reporters.JUnitReportReporter -->
<testsuite hostname="DESKTOP-1SKAIPE" failures="0" tests="5" name="TestNG.Data_Provider_TestNG" time="0.034" errors="0" timestamp="2022-11-17T19:44:37 IST" skipped="0">
  <testcase classname="TestNG.Data_Provider_TestNG" name="test1" time="0.003"/>
  <system-out/>
  <testcase classname="TestNG.Data_Provider_TestNG" name="test1" time="0.004"/>
  <system-out/>
  <testcase classname="TestNG.Data_Provider_TestNG" name="test1" time="0.010"/>
  <system-out/>
  <testcase classname="TestNG.Data_Provider_TestNG" name="test" time="0.013"/>
  <system-out/>
  <testcase classname="TestNG.Data_Provider_TestNG" name="test" time="0.004"/>
  <system-out/>
</testsuite> <!-- TestNG.Data_Provider_TestNG -->
