<?xml version="1.0" encoding="UTF-8"?>
<!-- Generated by org.testng.reporters.JUnitReportReporter -->
<testsuite hostname="DESKTOP-1SKAIPE" failures="0" tests="1" name="TestNG.Example11_parallel1" time="9.075" errors="0" timestamp="2022-11-10T13:33:02 IST" skipped="0">
  <testcase classname="TestNG.Example11_parallel1" name="OpenFaceboox" time="9.075"/>
  <system-out/>
</testsuite> <!-- TestNG.Example11_parallel1 -->
