<?xml version="1.0" encoding="UTF-8"?>
<!-- Generated by org.testng.reporters.JUnitReportReporter -->
<testsuite hostname="DESKTOP-1SKAIPE" failures="0" tests="2" name="TestNG.Example6_sample1" time="0.019" errors="0" timestamp="2022-11-07T19:48:51 IST" skipped="0">
  <testcase classname="TestNG.Example6_sample1" name="TC2" time="0.004"/>
  <system-out>
    <![CDATA[Running TC2]]>
  </system-out>
  <testcase classname="TestNG.Example6_sample1" name="TC1" time="0.015"/>
  <system-out>
    <![CDATA[Running TC1]]>
  </system-out>
</testsuite> <!-- TestNG.Example6_sample1 -->
