<?xml version="1.0" encoding="UTF-8"?>
<!-- Generated by org.testng.reporters.JUnitReportReporter -->
<testsuite hostname="DESKTOP-1SKAIPE" failures="0" tests="3" name="TestNG.example3_EmailableReport" time="0.022" errors="0" timestamp="2022-11-03T13:43:24 IST" skipped="0">
  <testcase classname="TestNG.example3_EmailableReport" name="TC2" time="0.004"/>
  <system-out>
    <![CDATA[running test case2]]>
  </system-out>
  <testcase classname="TestNG.example3_EmailableReport" name="TC3" time="0.003"/>
  <system-out>
    <![CDATA[running test case3]]>
  </system-out>
  <testcase classname="TestNG.example3_EmailableReport" name="TC1" time="0.015"/>
  <system-out>
    <![CDATA[running test case1]]>
  </system-out>
</testsuite> <!-- TestNG.example3_EmailableReport -->
