<?xml version="1.0" encoding="UTF-8"?>
<!-- Generated by org.testng.reporters.JUnitReportReporter -->
<testsuite hostname="DESKTOP-1SKAIPE" failures="0" tests="2" name="TestNG.Example5_Keyword1_invocationcount" time="0.019" errors="0" timestamp="2022-11-06T19:00:44 IST" skipped="0">
  <testcase classname="TestNG.Example5_Keyword1_invocationcount" name="TC1" time="0.014"/>
  <system-out>
    <![CDATA[Running Test case1]]>
  </system-out>
  <testcase classname="TestNG.Example5_Keyword1_invocationcount" name="TC1" time="0.005"/>
  <system-out>
    <![CDATA[Running Test case1]]>
  </system-out>
</testsuite> <!-- TestNG.Example5_Keyword1_invocationcount -->
