<?xml version="1.0" encoding="UTF-8"?>
<!-- Generated by org.testng.reporters.JUnitReportReporter -->
<testsuite hostname="DESKTOP-1SKAIPE" failures="0" tests="1" name="Pom_Ddf_TestNG_Baseclass_UtilityClass.UpstoxLoginTest1" time="18.826" errors="0" timestamp="2022-11-24T16:49:08 IST" skipped="0">
  <testcase classname="Pom_Ddf_TestNG_Baseclass_UtilityClass.UpstoxLoginTest1" name="verifyuserid" time="18.826"/>
  <system-out/>
</testsuite> <!-- Pom_Ddf_TestNG_Baseclass_UtilityClass.UpstoxLoginTest1 -->
