<?xml version="1.0" encoding="UTF-8"?>
<!-- Generated by org.testng.reporters.JUnitReportReporter -->
<testsuite hostname="DESKTOP-1SKAIPE" failures="0" tests="3" name="TestNG.Example5_keyword5_dependsonmethod2" time="0.019" errors="0" timestamp="2022-11-06T19:32:13 IST" skipped="0">
  <testcase classname="TestNG.Example5_keyword5_dependsonmethod2" name="login1" time="0.013"/>
  <system-out>
    <![CDATA[Running login1 TC]]>
  </system-out>
  <testcase classname="TestNG.Example5_keyword5_dependsonmethod2" name="logout" time="0.003"/>
  <system-out>
    <![CDATA[Running logout TC]]>
  </system-out>
  <testcase classname="TestNG.Example5_keyword5_dependsonmethod2" name="login2" time="0.003"/>
  <system-out>
    <![CDATA[Running login2 TC]]>
  </system-out>
</testsuite> <!-- TestNG.Example5_keyword5_dependsonmethod2 -->
