<?xml version="1.0" encoding="UTF-8"?>
<!-- Generated by org.testng.reporters.JUnitReportReporter -->
<testsuite hostname="DESKTOP-1SKAIPE" failures="0" tests="1" name="TestNG.Example7_Assertclass1_assertEquals" time="0.013" errors="0" timestamp="2022-11-07T19:56:09 IST" skipped="0">
  <testcase classname="TestNG.Example7_Assertclass1_assertEquals" name="assertequals" time="0.013"/>
  <system-out/>
</testsuite> <!-- TestNG.Example7_Assertclass1_assertEquals -->
