<?xml version="1.0" encoding="UTF-8"?>
<!-- Generated by org.testng.reporters.JUnitReportReporter -->
<testsuite hostname="DESKTOP-1SKAIPE" failures="0" tests="3" name="TestNG.Example5_keyword2_Enabled" time="0.020" errors="0" timestamp="2022-11-06T19:04:50 IST" skipped="1">
  <testcase classname="TestNG.Example5_keyword2_Enabled" name="TC3" time="0.003"/>
  <system-out>
    <![CDATA[Running TC3]]>
  </system-out>
  <testcase classname="TestNG.Example5_keyword2_Enabled" name="TC1" time="0.017"/>
  <system-out>
    <![CDATA[Running TC1]]>
  </system-out>
  <testcase classname="TestNG.Example5_keyword2_Enabled" name="TC2">
    <skipped/>
  </testcase> <!-- TC2 -->
  <system-out/>
</testsuite> <!-- TestNG.Example5_keyword2_Enabled -->
