<?xml version="1.0" encoding="UTF-8"?>
<!-- Generated by org.testng.reporters.JUnitReportReporter -->
<testsuite hostname="DESKTOP-1SKAIPE" failures="0" tests="3" name="TestNG.Example8_disabletceByTC" time="0.014" errors="0" timestamp="2022-11-08T12:31:42 IST" skipped="2">
  <testcase classname="TestNG.Example8_disabletceByTC" name="TC1" time="0.014"/>
  <system-out>
    <![CDATA[Running TC1]]>
  </system-out>
  <testcase classname="TestNG.Example8_disabletceByTC" name="TC2">
    <skipped/>
  </testcase> <!-- TC2 -->
  <system-out/>
  <testcase classname="TestNG.Example8_disabletceByTC" name="TC3">
    <skipped/>
  </testcase> <!-- TC3 -->
  <system-out/>
</testsuite> <!-- TestNG.Example8_disabletceByTC -->
