<?xml version="1.0" encoding="UTF-8"?>
<!-- Generated by org.testng.reporters.JUnitReportReporter -->
<testsuite hostname="DESKTOP-1SKAIPE" failures="0" tests="1" name="TestNG.TestNGTestclass" time="7.580" errors="0" timestamp="2022-11-03T13:29:45 IST" skipped="0">
  <testcase classname="TestNG.TestNGTestclass" name="openFacebookApp" time="7.580"/>
  <system-out/>
</testsuite> <!-- TestNG.TestNGTestclass -->
