<?xml version="1.0" encoding="UTF-8"?>
<!-- Generated by org.testng.reporters.JUnitReportReporter -->
<testsuite hostname="DESKTOP-1SKAIPE" failures="0" tests="2" name="TestNG.Example4_TestNGAnnotations" time="0.014" errors="0" timestamp="2022-11-06T18:56:16 IST" skipped="0">
  <testcase classname="TestNG.Example4_TestNGAnnotations" name="Verifyuserid2" time="0.005"/>
  <system-out>
    <![CDATA[-----Running Verify userid2 ----]]>
  </system-out>
  <testcase classname="TestNG.Example4_TestNGAnnotations" name="Verifyuserid1" time="0.009"/>
  <system-out>
    <![CDATA[-----Running Verify user id1----]]>
  </system-out>
</testsuite> <!-- TestNG.Example4_TestNGAnnotations -->
