<?xml version="1.0" encoding="UTF-8"?>
<!-- Generated by org.testng.reporters.JUnitReportReporter -->
<testsuite hostname="DESKTOP-1SKAIPE" failures="0" tests="4" name="TestNG.Example9_sample1" time="0.029" errors="0" timestamp="2022-11-09T12:57:37 IST" skipped="0">
  <testcase classname="TestNG.Example9_sample1" name="TC3" time="0.002"/>
  <system-out>
    <![CDATA[running test case3]]>
  </system-out>
  <testcase classname="TestNG.Example9_sample1" name="TC1" time="0.014"/>
  <system-out>
    <![CDATA[running test case1]]>
  </system-out>
  <testcase classname="TestNG.Example9_sample1" name="TC4" time="0.011"/>
  <system-out>
    <![CDATA[running test case4]]>
  </system-out>
  <testcase classname="TestNG.Example9_sample1" name="TC2" time="0.002"/>
  <system-out>
    <![CDATA[running test case2]]>
  </system-out>
</testsuite> <!-- TestNG.Example9_sample1 -->
