<?xml version="1.0" encoding="UTF-8"?>
<!-- Generated by org.testng.reporters.JUnitReportReporter -->
<testsuite hostname="DESKTOP-1SKAIPE" failures="0" tests="1" name="Pom_DDF_TestNG.UpstoxLoginTest1" time="7.678" errors="0" timestamp="2022-11-24T16:43:38 IST" skipped="0">
  <testcase classname="Pom_DDF_TestNG.UpstoxLoginTest1" name="verifyuserid" time="7.678"/>
  <system-out/>
</testsuite> <!-- Pom_DDF_TestNG.UpstoxLoginTest1 -->
