<?xml version="1.0" encoding="UTF-8"?>
<!-- Generated by org.testng.reporters.JUnitReportReporter -->
<testsuite hostname="DESKTOP-1SKAIPE" failures="0" tests="2" name="TestNG.Example6_sample3" time="0.013" errors="0" timestamp="2022-11-07T19:48:51 IST" skipped="0">
  <testcase classname="TestNG.Example6_sample3" name="TC5" time="0.008"/>
  <system-out>
    <![CDATA[Running TC5]]>
  </system-out>
  <testcase classname="TestNG.Example6_sample3" name="TC6" time="0.005"/>
  <system-out>
    <![CDATA[Running TC6]]>
  </system-out>
</testsuite> <!-- TestNG.Example6_sample3 -->
